==71255== Memcheck, a memory error detector
==71255== Copyright (C) 2002-2017, and GNU GPL'd, by Julian Seward et al.
==71255== Using Valgrind-3.15.0 and LibVEX; rerun with -h for copyright info
==71255== Command: ./ran
==71255== Parent PID: 71238
==71255== 
==71255== Use of uninitialised value of size 8
==71255==    at 0x1098A1: FindMaxId (vector.m.c:64)
==71255==    by 0x1096BA: VectorForEach (vector.c:207)
==71255==    by 0x109BCE: main (vector.m.c:147)
==71255== 
==71255== Use of uninitialised value of size 8
==71255==    at 0x1098B1: FindMaxId (vector.m.c:66)
==71255==    by 0x1096BA: VectorForEach (vector.c:207)
==71255==    by 0x109BCE: main (vector.m.c:147)
==71255== 
==71255== Use of uninitialised value of size 8
==71255==    at 0x109BD3: main (vector.m.c:148)
==71255== 
==71255== 
==71255== HEAP SUMMARY:
==71255==     in use at exit: 0 bytes in 0 blocks
==71255==   total heap usage: 12 allocs, 12 frees, 1,864 bytes allocated
==71255== 
==71255== All heap blocks were freed -- no leaks are possible
==71255== 
==71255== Use --track-origins=yes to see where uninitialised values come from
==71255== For lists of detected and suppressed errors, rerun with: -s
==71255== ERROR SUMMARY: 5 errors from 3 contexts (suppressed: 0 from 0)
